<?xml version="1.0" encoding="UTF-8"?>
<testng-results ignored="0" total="1" passed="1" failed="0" skipped="0">
  <reporter-output>
  </reporter-output>
  <suite started-at="2024-05-19T14:54:08 PDT" name="Default suite" finished-at="2024-05-19T14:55:42 PDT" duration-ms="93715">
    <groups>
    </groups>
    <test started-at="2024-05-19T14:54:08 PDT" name="Default test" finished-at="2024-05-19T14:55:42 PDT" duration-ms="93715">
      <class name="tests.UserMenuTest">
        <test-method is-config="true" signature="doConfiguration()[pri:0, instance:tests.UserMenuTest@3ebff828]" started-at="2024-05-19T14:54:08 PDT" name="doConfiguration" finished-at="2024-05-19T14:54:08 PDT" duration-ms="213" status="PASS">
          <reporter-output>
          </reporter-output>
        </test-method> <!-- doConfiguration -->
        <test-method is-config="true" signature="preCondition()[pri:0, instance:tests.UserMenuTest@3ebff828]" started-at="2024-05-19T14:54:08 PDT" name="preCondition" finished-at="2024-05-19T14:54:11 PDT" duration-ms="2816" status="PASS">
          <reporter-output>
          </reporter-output>
        </test-method> <!-- preCondition -->
        <test-method signature="selectUserMenuOptionLogout_TC09()[pri:0, instance:tests.UserMenuTest@3ebff828]" started-at="2024-05-19T14:54:11 PDT" name="selectUserMenuOptionLogout_TC09" finished-at="2024-05-19T14:55:42 PDT" duration-ms="90852" status="PASS">
          <reporter-output>
          </reporter-output>
        </test-method> <!-- selectUserMenuOptionLogout_TC09 -->
        <test-method is-config="true" signature="postCondition()[pri:0, instance:tests.UserMenuTest@3ebff828]" started-at="2024-05-19T14:55:42 PDT" name="postCondition" finished-at="2024-05-19T14:55:42 PDT" duration-ms="0" status="PASS">
          <reporter-output>
          </reporter-output>
        </test-method> <!-- postCondition -->
        <test-method is-config="true" signature="tearDownConfiguration()[pri:0, instance:tests.UserMenuTest@3ebff828]" started-at="2024-05-19T14:55:42 PDT" name="tearDownConfiguration" finished-at="2024-05-19T14:55:42 PDT" duration-ms="299" status="PASS">
          <reporter-output>
          </reporter-output>
        </test-method> <!-- tearDownConfiguration -->
      </class> <!-- tests.UserMenuTest -->
    </test> <!-- Default test -->
  </suite> <!-- Default suite -->
</testng-results>
